1506367459245	geckodriver	INFO	geckodriver 0.19.0
1506367459259	geckodriver	INFO	Listening on 127.0.0.1:60494
1506367461311	mozrunner::runner	INFO	Running command: "C:\\Program Files\\Mozilla Firefox\\firefox.exe" "-marionette" "-profile" "C:\\Users\\LEPALA~1\\AppData\\Local\\Temp\\rust_mozprofile.vDkwJfT1zhif"
1506367461942	addons.xpi	WARN	Error parsing extensions state: [Exception... "Component returned failure code: 0x80520012 (NS_ERROR_FILE_NOT_FOUND) [amIAddonManagerStartup.readStartupData]"  nsresult: "0x80520012 (NS_ERROR_FILE_NOT_FOUND)"  location: "JS frame :: resource://gre/modules/addons/XPIProvider.jsm :: loadExtensionState :: line 1596"  data: no] Stack trace: loadExtensionState()@resource://gre/modules/addons/XPIProvider.jsm:1596 < getInstallState()@resource://gre/modules/addons/XPIProvider.jsm:1631 < checkForChanges()@resource://gre/modules/addons/XPIProvider.jsm:3152 < startup()@resource://gre/modules/addons/XPIProvider.jsm:2246 < callProvider()@resource://gre/modules/AddonManager.jsm:271 < _startProvider()@resource://gre/modules/AddonManager.jsm:741 < startup()@resource://gre/modules/AddonManager.jsm:908 < startup()@resource://gre/modules/AddonManager.jsm:3122 < observe()@jar:file:///C:/Program%20Files/Mozilla%20Firefox/omni.ja!/components/addonManager.js:65
1506367463138	Marionette	INFO	Enabled via --marionette
Unable to read VR Path Registry from C:\Users\lepalazzolo\AppData\Local\openvr\openvrpaths.vrpath
[GPU 10848] WARNING: pipe error: 109: file c:/builds/moz2_slave/m-rel-w64-00000000000000000000/build/src/ipc/chromium/src/chrome/common/ipc_channel_win.cc, line 346
1506367478296	Marionette	INFO	Listening on port 60500
1506367478309	Marionette	INFO	Listening on port 60500
506367441931	Marionette	WARN	TLS certificate errors will be ignored for this session
1506367441967	Marionette	DEBUG	loaded listener.js
1506367442014	Marionette	DEBUG	Received DOM event "beforeunload" for "about:blank"
1506367443045	Marionette	DEBUG	Received DOM event "pagehide" for "about:blank"
1506367443045	Marionette	DEBUG	Received DOM event "unload" for "about:blank"
1506367443683	Marionette	DEBUG	Received DOM event "DOMContentLoaded" for "https://xss-game.appspot.com/level2/frame"
1506367445381	Marionette	DEBUG	Received DOM event "pageshow" for "https://xss-game.appspot.com/level2/frame"
onette	INFO	Listening on port 60141
1506366851705	Marionette	INFO	Listening on port 60141
1506366852592	Marionette	WARN	TLS certificate errors will be ignored for this session
1506366852655	Marionette	DEBUG	loaded listener.js
1506366852743	Marionette	DEBUG	Received DOM event "beforeunload" for "about:blank"
1506366853713	Marionette	DEBUG	Received DOM event "pagehide" for "about:blank"
1506366853714	Marionette	DEBUG	Received DOM event "unload" for "about:blank"
1506366854030	Marionette	DEBUG	Received DOM event "DOMContentL[GPU 10252] WARNING: pipe error: 109: file c:/builds/moz2_slave/m-rel-w64-00000000000000000000/build/src/ipc/chromium/src/chrome/common/ipc_channel_win.cc, line 346
[GPU 9996] WARNING: pipe error: 109: file c:/builds/moz2_slave/m-rel-w64-00000000000000000000/build/src/ipc/chromium/src/chrome/common/ipc_channel_win.cc, line 346
[GPU 9996] WARNING: pipe error: 109: file c:/builds/moz2_slave/m-rel-w64-00000000000000000000/build/src/ipc/chromium/src/chrome/common/ipc_channel_win.cc, line 346
[Parent 4480] WARNING: pipe error: 109: file c:/builds/moz2_slave/m-rel-w64-00000000000000000000/build/src/ipc/chromium/src/chrome/common/ipc_channel_win.cc, line 346
Unable to read VR Path Registry from C:\Users\lepalazzolo\AppData\Local\openvr\openvrpaths.vrpath
[Child 9412] WARNING: pipe error: 109: file c:/builds/moz2_slave/m-rel-w64-00000000000000000000/build/src/ipc/chromium/src/chrome/common/ipc_channel_win.cc, line 346
[Child 9412] WARNING: pipe error: 109: file c:/builds/moz2_slave/m-rel-w64-00000000000000000000/build/src/ipc/chromium/src/chrome/common/ipc_channel_win.cc, line 346
[GPU 9996] WARNING: pipe error: 109: file c:/builds/moz2_slave/m-rel-w64-00000000000000000000/build/src/ipc/chromium/src/chrome/common/ipc_channel_win.cc, line 346

###!!! [Child][MessageChannel::SendAndWait] Error: Channel error: cannot send/recv

G: pipe error: 109: file c:/builds/moz2_slave/m-rel-w64-00000000000000000000/build/src/ipc/chromium/src/chrome/common/ipc_channel_win.cc, line 346
[GPU 10888] WARNING: pipe error: 109: file c:/builds/moz2_slave/m-rel-w64-00000000000000000000/build/src/ipc/chromium/src/chrome/common/ipc_channel_win.cc, line 346
[Parent 8224] WARNING: pipe error: 109: file c:/builds/moz2_slave/m-rel-w64-00000000000000000000/build/src/ipc/chromium/src/chrome/common/ipc_channel_win.cc, line 346
Unable to read VR Path Registry from C:\Users\lepalazzolo\AppData\Local\openvr\openvrpaths.vrpath
[Child 8240] WARNING: pipe error: 109: file c:/builds/moz2_slave/m-rel-w64-00000000000000000000/build/src/ipc/chromium/src/chrome/common/ipc_channel_win.cc, line 346
[Child 8240] WARNING: pipe error: 109: file c:/builds/moz2_slave/m-rel-w64-00000000000000000000/build/src/ipc/chromium/src/chrome/common/ipc_channel_win.cc, line 346
[GPU 10888] WARNING: pipe error: 109: file c:/builds/moz2_slave/m-rel-w64-00000000000000000000/build/src/ipc/chromium/src/chrome/common/ipc_channel_win.cc, line 346
rror: 109: file c:/builds/moz2_slave/m-rel-w64-00000000000000000000/build/src/ipc/chromium/src/chrome/common/ipc_channel_win.cc, line 346

###!!! [Child][MessageChannel::SendAndWait] Error: Channel error: cannot send/recv

