[INFO  - 2017-09-25T23:24:12.873Z] GhostDriver - Main - running on port 63329
[INFO  - 2017-09-25T23:24:16.378Z] Session [a5f40ff0-a248-11e7-955d-c311e3107436] - page.settings - {"XSSAuditingEnabled":false,"javascriptCanCloseWindows":true,"javascriptCanOpenWindows":true,"javascriptEnabled":true,"loadImages":true,"localToRemoteUrlAccessEnabled":false,"userAgent":"Mozilla/5.0 (Windows NT 6.2; WOW64) AppleWebKit/538.1 (KHTML, like Gecko) PhantomJS/2.1.1 Safari/538.1","webSecurityEnabled":true}
[INFO  - 2017-09-25T23:24:16.378Z] Session [a5f40ff0-a248-11e7-955d-c311e3107436] - page.customHeaders:  - {}
[INFO  - 2017-09-25T23:24:16.379Z] Session [a5f40ff0-a248-11e7-955d-c311e3107436] - Session.negotiatedCapabilities - {"browserName":"phantomjs","version":"2.1.1","driverName":"ghostdriver","driverVersion":"1.2.0","platform":"windows-8.1-32bit","javascriptEnabled":true,"takesScreenshot":true,"handlesAlerts":false,"databaseEnabled":false,"locationContextEnabled":false,"applicationCacheEnabled":false,"browserConnectionEnabled":false,"cssSelectorsEnabled":true,"webStorageEnabled":false,"rotatable":false,"acceptSslCerts":false,"nativeEvents":true,"proxy":{"proxyType":"direct"}}
[INFO  - 2017-09-25T23:24:16.379Z] SessionManagerReqHand - _postNewSessionCommand - New Session Created: a5f40ff0-a248-11e7-955d-c311e3107436
[ERROR - 2017-09-25T23:24:23.891Z] RouterReqHand - _handle.error - {"name":"Invalid Command Method","message":"{\"headers\":{\"Accept\":\"application/json\",\"Accept-Encoding\":\"identity\",\"Connection\":\"close\",\"Content-Type\":\"application/json;charset=UTF-8\",\"Host\":\"127.0.0.1:63329\",\"User-Agent\":\"Python http auth\"},\"httpVersion\":\"1.1\",\"method\":\"GET\",\"url\":\"/alert_text\",\"urlParsed\":{\"anchor\":\"\",\"query\":\"\",\"file\":\"alert_text\",\"directory\":\"/\",\"path\":\"/alert_text\",\"relative\":\"/alert_text\",\"port\":\"\",\"host\":\"\",\"password\":\"\",\"user\":\"\",\"userInfo\":\"\",\"authority\":\"\",\"protocol\":\"\",\"source\":\"/alert_text\",\"queryKey\":{},\"chunks\":[\"alert_text\"]},\"urlOriginal\":\"/session/a5f40ff0-a248-11e7-955d-c311e3107436/alert_text\"}","line":202,"sourceURL":"phantomjs://code/session_request_handler.js","stack":"_handle@phantomjs://code/session_request_handler.js:202:66\n_reroute@phantomjs://code/request_handler.js:61:20\n_handle@phantomjs://code/router_request_handler.js:78:46"}

  phantomjs://platform/console++.js:263 in error
[ERROR - 2017-09-25T23:24:25.160Z] RouterReqHand - _handle.error - {"name":"Invalid Command Method","message":"{\"headers\":{\"Accept\":\"application/json\",\"Accept-Encoding\":\"identity\",\"Connection\":\"close\",\"Content-Type\":\"application/json;charset=UTF-8\",\"Host\":\"127.0.0.1:63329\",\"User-Agent\":\"Python http auth\"},\"httpVersion\":\"1.1\",\"method\":\"GET\",\"url\":\"/alert_text\",\"urlParsed\":{\"anchor\":\"\",\"query\":\"\",\"file\":\"alert_text\",\"directory\":\"/\",\"path\":\"/alert_text\",\"relative\":\"/alert_text\",\"port\":\"\",\"host\":\"\",\"password\":\"\",\"user\":\"\",\"userInfo\":\"\",\"authority\":\"\",\"protocol\":\"\",\"source\":\"/alert_text\",\"queryKey\":{},\"chunks\":[\"alert_text\"]},\"urlOriginal\":\"/session/a5f40ff0-a248-11e7-955d-c311e3107436/alert_text\"}","line":202,"sourceURL":"phantomjs://code/session_request_handler.js","stack":"_handle@phantomjs://code/session_request_handler.js:202:66\n_reroute@phantomjs://code/request_handler.js:61:20\n_handle@phantomjs://code/router_request_handler.js:78:46"}

  phantomjs://platform/console++.js:263 in error
[INFO  - 2017-09-25T23:29:12.883Z] SessionManagerReqHand - _cleanupWindowlessSessions - Asynchronous Sessions clean-up phase starting NOW
[INFO  - 2017-09-25T23:34:12.887Z] SessionManagerReqHand - _cleanupWindowlessSessions - Asynchronous Sessions clean-up phase starting NOW
[INFO  - 2017-09-25T23:39:12.916Z] SessionManagerReqHand - _cleanupWindowlessSessions - Asynchronous Sessions clean-up phase starting NOW
[INFO  - 2017-09-25T23:44:12.916Z] SessionManagerReqHand - _cleanupWindowlessSessions - Asynchronous Sessions clean-up phase starting NOW
[INFO  - 2017-09-25T23:49:12.935Z] SessionManagerReqHand - _cleanupWindowlessSessions - Asynchronous Sessions clean-up phase starting NOW
[INFO  - 2017-09-25T23:54:12.934Z] SessionManagerReqHand - _cleanupWindowlessSessions - Asynchronous Sessions clean-up phase starting NOW
[INFO  - 2017-09-25T23:59:12.948Z] SessionManagerReqHand - _cleanupWindowlessSessions - Asynchronous Sessions clean-up phase starting NOW
[INFO  - 2017-09-26T00:04:12.971Z] SessionManagerReqHand - _cleanupWindowlessSessions - Asynchronous Sessions clean-up phase starting NOW
[INFO  - 2017-09-26T00:09:12.993Z] SessionManagerReqHand - _cleanupWindowlessSessions - Asynchronous Sessions clean-up phase starting NOW
[INFO  - 2017-09-26T00:14:13.001Z] SessionManagerReqHand - _cleanupWindowlessSessions - Asynchronous Sessions clean-up phase starting NOW
[INFO  - 2017-09-26T00:19:13.023Z] SessionManagerReqHand - _cleanupWindowlessSessions - Asynchronous Sessions clean-up phase starting NOW
[INFO  - 2017-09-26T00:24:13.023Z] SessionManagerReqHand - _cleanupWindowlessSessions - Asynchronous Sessions clean-up phase starting NOW
[INFO  - 2017-09-26T00:29:13.112Z] SessionManagerReqHand - _cleanupWindowlessSessions - Asynchronous Sessions clean-up phase starting NOW
